0 info it worked if it ends with ok
1 verbose cli [ 'D:\\Nodist\\v-x64\\10.13.0\\node.exe',
1 verbose cli   'D:\\Nodist\\npmv\\4.0.5\\bin\\npm-cli.js',
1 verbose cli   'run',
1 verbose cli   'watch' ]
2 info using npm@4.0.5
3 info using node@v10.13.0
4 verbose config Skipping project config: C:\Users\wadah/.npmrc. (matches userconfig)
5 verbose stack Error: ENOENT: no such file or directory, open 'C:\Users\wadah\package.json'
6 verbose cwd C:\Users\wadah\Desktop\workplace manager
7 error Windows_NT 10.0.19042
8 error argv "D:\\Nodist\\v-x64\\10.13.0\\node.exe" "D:\\Nodist\\npmv\\4.0.5\\bin\\npm-cli.js" "run" "watch"
9 error node v10.13.0
10 error npm  v4.0.5
11 error path C:\Users\wadah\package.json
12 error code ENOENT
13 error errno -4058
14 error syscall open
15 error enoent ENOENT: no such file or directory, open 'C:\Users\wadah\package.json'
16 error enoent ENOENT: no such file or directory, open 'C:\Users\wadah\package.json'
16 error enoent This is most likely not a problem with npm itself
16 error enoent and is related to npm not being able to find a file.
17 verbose exit [ -4058, true ]
